<?xml version="1.0" encoding="UTF-8"?>
<testng-results ignored="0" total="1" passed="1" failed="0" skipped="0">
  <reporter-output>
  </reporter-output>
  <suite started-at="2024-06-16T10:45:52 IST" name="Default suite" finished-at="2024-06-16T10:46:20 IST" duration-ms="27761">
    <groups>
    </groups>
    <test started-at="2024-06-16T10:45:52 IST" name="Default test" finished-at="2024-06-16T10:46:20 IST" duration-ms="27761">
      <class name="com.vsmaventest.Firefox">
        <test-method signature="oepnBrowser()[pri:0, instance:com.vsmaventest.Firefox@5e82df6a]" started-at="2024-06-16T10:45:52 IST" name="oepnBrowser" finished-at="2024-06-16T10:46:20 IST" duration-ms="27743" status="PASS">
          <reporter-output>
          </reporter-output>
        </test-method> <!-- oepnBrowser -->
      </class> <!-- com.vsmaventest.Firefox -->
    </test> <!-- Default test -->
  </suite> <!-- Default suite -->
</testng-results>
